TN:
SF:/home/juliageek/Projects/crunchr-front-end-assignment/src/polyfills.ts
FNF:0
FNH:0
LF:0
LH:0
BRF:0
BRH:0
end_of_record
TN:
SF:/home/juliageek/Projects/crunchr-front-end-assignment/src/test.ts
FNF:0
FNH:0
DA:13,1
DA:18,1
DA:20,1
LF:3
LH:3
BRF:0
BRH:0
end_of_record
TN:
SF:/home/juliageek/Projects/crunchr-front-end-assignment/src/components/app/app.component.ts
FN:9,(anonymous_0)
FN:14,AppComponent
FN:16,(anonymous_2)
FN:20,(anonymous_3)
FN:22,(anonymous_4)
FNF:5
FNH:1
FNDA:1,(anonymous_0)
FNDA:0,AppComponent
FNDA:0,(anonymous_2)
FNDA:0,(anonymous_3)
FNDA:0,(anonymous_4)
DA:9,1
DA:10,0
DA:14,0
DA:16,1
DA:17,0
DA:20,1
DA:21,0
DA:23,0
DA:26,1
LF:9
LH:4
BRF:0
BRH:0
end_of_record
TN:
SF:/home/juliageek/Projects/crunchr-front-end-assignment/src/components/app/dropdown/dropdown.component.ts
FN:11,(anonymous_0)
FN:14,DropdownComponent
FN:16,(anonymous_2)
FN:20,(anonymous_3)
FN:22,(anonymous_4)
FN:23,(anonymous_5)
FNF:6
FNH:1
FNDA:1,(anonymous_0)
FNDA:0,DropdownComponent
FNDA:0,(anonymous_2)
FNDA:0,(anonymous_3)
FNDA:0,(anonymous_4)
FNDA:0,(anonymous_5)
DA:11,1
DA:14,0
DA:16,1
DA:17,0
DA:20,1
DA:21,0
DA:23,0
DA:24,0
DA:34,1
DA:35,1
LF:10
LH:5
BRF:0
BRH:0
end_of_record
TN:
SF:/home/juliageek/Projects/crunchr-front-end-assignment/src/components/app/employees-table/employees-table.component.ts
FN:8,(anonymous_0)
FN:11,EmployeesTableComponent
FNF:2
FNH:1
FNDA:1,(anonymous_0)
FNDA:0,EmployeesTableComponent
DA:8,1
DA:9,0
DA:13,1
DA:15,1
LF:4
LH:3
BRF:0
BRH:0
end_of_record
TN:
SF:/home/juliageek/Projects/crunchr-front-end-assignment/src/services/locations.service.ts
FN:8,(anonymous_0)
FN:9,LocationsService
FN:11,(anonymous_2)
FN:15,(anonymous_3)
FNF:4
FNH:1
FNDA:1,(anonymous_0)
FNDA:0,LocationsService
FNDA:0,(anonymous_2)
FNDA:0,(anonymous_3)
DA:8,1
DA:9,0
DA:11,1
DA:12,0
DA:15,1
DA:16,0
DA:17,0
DA:19,1
LF:8
LH:4
BRDA:15,0,0,0
BRDA:15,0,1,0
BRF:2
BRH:0
end_of_record
